[2024-03-12 21:02:55] a@aa échoué la connexion
[2024-03-12 21:52:05] a@aa échoué la connexion
[2024-03-13 11:44:38] a@a a échoué la connexion
[2024-03-13 11:46:49] dsf@sdf a échoué la connexion
[2024-03-13 11:47:47] dsf@df a échoué la connexion
[2024-03-13 11:48:08] a@a a échoué la connexion
[2024-03-13 19:57:45] z@ezz a échoué la connexion
[2024-03-13 20:00:03] ff@sd a échoué la connexion
[2024-03-13 20:01:08] a@ea a échoué la connexion
[2024-03-13 20:02:49] test@test a échoué la connexion
[2024-03-13 20:34:19] sdf@sed a échoué la connexion
[2024-03-13 20:59:15] a@e a échoué la connexion
[2024-03-14 09:25:19] corentin@sanjuan.fr a échoué la connexion
[2024-03-14 09:25:37] corentin@sanjuan.fr a échoué la connexion
[2024-03-14 09:25:42] t@t a échoué la connexion
[2024-03-14 09:25:47] t@t a échoué la connexion
[2024-03-14 09:26:09] t@t a échoué la connexion
[2024-03-14 09:26:16] t@t a échoué la connexion
[2024-03-14 09:27:31] t@t a échoué la connexion
[2024-03-14 09:30:00] corentin@sanjuan.fr a échoué la connexion
[2024-03-15 10:48:24] corentin@sanjuan.fr a échoué la connexion
[2024-03-15 17:55:35] test@test a échoué la connexion
[2024-03-18 09:18:01] t@t a échoué la connexion
[2024-03-18 15:28:40] trsd@gsdf a échoué la connexion
[2024-03-19 16:20:23] test@test a échoué la connexion
[2024-03-20 15:36:31] slam@slam a échoué la connexion
[2024-03-20 15:36:41] slam@slam a échoué la connexion
